[0.014s] Invoking command in '/home/mscrobotics2425laptop11/rPPG_ROS/ws_dis/build/rppg_interfaces': CMAKE_PREFIX_PATH=${CMAKE_PREFIX_PATH}:/home/mscrobotics2425laptop11/interbotix_ws/install/manip_control:/home/mscrobotics2425laptop11/interbotix_ws/install/interbotix_xs_modules:/home/mscrobotics2425laptop11/interbotix_ws/install/interbotix_perception_modules:/home/mscrobotics2425laptop11/interbotix_ws/install/interbotix_common_modules:/opt/ros/humble CONDA_PROMPT_MODIFIER=(base) PS1=(rppg_env) (base) \[\e]0;\u@\h: \w\a\]${debian_chroot:+($debian_chroot)}\[\033[01;32m\]\u@\h\[\033[00m\]:\[\033[01;34m\]\w\[\033[00m\]\$ VIRTUAL_ENV_PROMPT=(rppg_env) /usr/bin/cmake /home/mscrobotics2425laptop11/rPPG_ROS/ws_dis/src/rppg_interfaces -DPython3_EXECUTABLE=/home/mscrobotics2425laptop11/rppg_env/bin/python -DPython3_FIND_VIRTUALENV=ONLY -DCMAKE_INSTALL_PREFIX=/home/mscrobotics2425laptop11/rPPG_ROS/ws_dis/install/rppg_interfaces
[0.037s] -- Found ament_cmake: 1.3.11 (/opt/ros/humble/share/ament_cmake/cmake)
[0.182s] -- Found Python3: /home/mscrobotics2425laptop11/rppg_env/bin/python (found version "3.10.12") found components: Interpreter 
[0.246s] -- Found sensor_msgs: 4.2.4 (/opt/ros/humble/share/sensor_msgs/cmake)
[0.267s] -- Found rosidl_generator_c: 3.1.6 (/opt/ros/humble/share/rosidl_generator_c/cmake)
[0.269s] -- Found rosidl_adapter: 3.1.6 (/opt/ros/humble/share/rosidl_adapter/cmake)
[0.274s] -- Found rosidl_generator_cpp: 3.1.6 (/opt/ros/humble/share/rosidl_generator_cpp/cmake)
[0.282s] -- Using all available rosidl_typesupport_c: rosidl_typesupport_fastrtps_c;rosidl_typesupport_introspection_c
[0.291s] -- Using all available rosidl_typesupport_cpp: rosidl_typesupport_fastrtps_cpp;rosidl_typesupport_introspection_cpp
[0.328s] -- Found rosidl_default_generators: 1.2.0 (/opt/ros/humble/share/rosidl_default_generators/cmake)
[0.446s] [31mCMake Error at /opt/ros/humble/share/rosidl_adapter/cmake/rosidl_adapt_interfaces.cmake:59 (message):
[0.447s]   execute_process(/home/mscrobotics2425laptop11/rppg_env/bin/python -m
[0.447s]   rosidl_adapter --package-name rppg_interfaces --arguments-file
[0.447s]   /home/mscrobotics2425laptop11/rPPG_ROS/ws_dis/build/rppg_interfaces/rosidl_adapter__arguments__rppg_interfaces.json
[0.447s]   --output-dir
[0.447s]   /home/mscrobotics2425laptop11/rPPG_ROS/ws_dis/build/rppg_interfaces/rosidl_adapter/rppg_interfaces
[0.448s]   --output-file
[0.448s]   /home/mscrobotics2425laptop11/rPPG_ROS/ws_dis/build/rppg_interfaces/rosidl_adapter/rppg_interfaces.idls)
[0.448s]   returned error code 1:
[0.448s] 
[0.448s]   AttributeError processing template 'msg.idl.em'
[0.448s] 
[0.448s]   Traceback (most recent call last):
[0.449s] 
[0.449s]     File "/opt/ros/humble/local/lib/python3.10/dist-packages/rosidl_adapter/resource/__init__.py", line 51, in evaluate_template
[0.449s]       em.BUFFERED_OPT: True,
[0.449s] 
[0.449s]   AttributeError: module 'em' has no attribute 'BUFFERED_OPT'
[0.449s] 
[0.450s]   
[0.450s] 
[0.450s]   During handling of the above exception, another exception occurred:
[0.450s] 
[0.450s]   
[0.450s] 
[0.450s]   Traceback (most recent call last):
[0.451s] 
[0.451s]     File "/usr/lib/python3.10/runpy.py", line 196, in _run_module_as_main
[0.451s]       return _run_code(code, main_globals, None,
[0.451s]     File "/usr/lib/python3.10/runpy.py", line 86, in _run_code
[0.451s]       exec(code, run_globals)
[0.451s]     File "/opt/ros/humble/local/lib/python3.10/dist-packages/rosidl_adapter/__main__.py", line 19, in <module>
[0.452s]       sys.exit(main())
[0.452s]     File "/opt/ros/humble/local/lib/python3.10/dist-packages/rosidl_adapter/main.py", line 53, in main
[0.452s]       abs_idl_file = convert_to_idl(
[0.452s]     File "/opt/ros/humble/local/lib/python3.10/dist-packages/rosidl_adapter/__init__.py", line 19, in convert_to_idl
[0.452s]       return convert_msg_to_idl(
[0.452s]     File "/opt/ros/humble/local/lib/python3.10/dist-packages/rosidl_adapter/msg/__init__.py", line 39, in convert_msg_to_idl
[0.452s]       expand_template('msg.idl.em', data, output_file, encoding='iso-8859-1')
[0.452s]     File "/opt/ros/humble/local/lib/python3.10/dist-packages/rosidl_adapter/resource/__init__.py", line 23, in expand_template
[0.453s]       content = evaluate_template(template_name, data)
[0.453s]     File "/opt/ros/humble/local/lib/python3.10/dist-packages/rosidl_adapter/resource/__init__.py", line 69, in evaluate_template
[0.453s]       _interpreter.shutdown()
[0.453s] 
[0.453s]   AttributeError: 'NoneType' object has no attribute 'shutdown'
[0.453s] 
[0.453s] Call Stack (most recent call first):
[0.453s]   /opt/ros/humble/share/rosidl_cmake/cmake/rosidl_generate_interfaces.cmake:130 (rosidl_adapt_interfaces)
[0.454s]   CMakeLists.txt:22 (rosidl_generate_interfaces)
[0.454s] 
[0.454s] [0m
[0.454s] -- Configuring incomplete, errors occurred!
[0.454s] See also "/home/mscrobotics2425laptop11/rPPG_ROS/ws_dis/build/rppg_interfaces/CMakeFiles/CMakeOutput.log".
[0.457s] Invoked command in '/home/mscrobotics2425laptop11/rPPG_ROS/ws_dis/build/rppg_interfaces' returned '1': CMAKE_PREFIX_PATH=${CMAKE_PREFIX_PATH}:/home/mscrobotics2425laptop11/interbotix_ws/install/manip_control:/home/mscrobotics2425laptop11/interbotix_ws/install/interbotix_xs_modules:/home/mscrobotics2425laptop11/interbotix_ws/install/interbotix_perception_modules:/home/mscrobotics2425laptop11/interbotix_ws/install/interbotix_common_modules:/opt/ros/humble CONDA_PROMPT_MODIFIER=(base) PS1=(rppg_env) (base) \[\e]0;\u@\h: \w\a\]${debian_chroot:+($debian_chroot)}\[\033[01;32m\]\u@\h\[\033[00m\]:\[\033[01;34m\]\w\[\033[00m\]\$ VIRTUAL_ENV_PROMPT=(rppg_env) /usr/bin/cmake /home/mscrobotics2425laptop11/rPPG_ROS/ws_dis/src/rppg_interfaces -DPython3_EXECUTABLE=/home/mscrobotics2425laptop11/rppg_env/bin/python -DPython3_FIND_VIRTUALENV=ONLY -DCMAKE_INSTALL_PREFIX=/home/mscrobotics2425laptop11/rPPG_ROS/ws_dis/install/rppg_interfaces
