[0.000000] (-) TimerEvent: {}
[0.000187] (rppg_interfaces) JobQueued: {'identifier': 'rppg_interfaces', 'dependencies': OrderedDict()}
[0.000241] (rppg_node) JobQueued: {'identifier': 'rppg_node', 'dependencies': OrderedDict()}
[0.000263] (rppg_interfaces) JobStarted: {'identifier': 'rppg_interfaces'}
[0.009122] (rppg_node) JobStarted: {'identifier': 'rppg_node'}
[0.028018] (rppg_interfaces) JobProgress: {'identifier': 'rppg_interfaces', 'progress': 'cmake'}
[0.030883] (rppg_interfaces) Command: {'cmd': ['/usr/bin/cmake', '/home/mscrobotics2425laptop11/rPPG_ROS/ws_dis/src/rppg_interfaces', '-DCMAKE_INSTALL_PREFIX=/home/mscrobotics2425laptop11/rPPG_ROS/ws_dis/install/rppg_interfaces'], 'cwd': '/home/mscrobotics2425laptop11/rPPG_ROS/ws_dis/build/rppg_interfaces', 'env': OrderedDict([('LESSOPEN', '| /usr/bin/lesspipe %s'), ('CONDA_PROMPT_MODIFIER', '(base)'), ('LANGUAGE', 'en_GB:en'), ('USER', 'mscrobotics2425laptop11'), ('XDG_SESSION_TYPE', 'wayland'), ('SHLVL', '1'), ('LD_LIBRARY_PATH', '/home/mscrobotics2425laptop11/interbotix_ws/install/moveit_visual_tools/lib:/home/mscrobotics2425laptop11/interbotix_ws/install/interbotix_xs_rviz/lib:/home/mscrobotics2425laptop11/interbotix_ws/install/interbotix_xs_ros_control/lib:/home/mscrobotics2425laptop11/interbotix_ws/install/interbotix_xs_msgs/lib:/home/mscrobotics2425laptop11/interbotix_ws/install/interbotix_xs_driver/lib:/home/mscrobotics2425laptop11/interbotix_ws/install/interbotix_tf_tools/lib:/home/mscrobotics2425laptop11/interbotix_ws/install/interbotix_perception_msgs/lib:/home/mscrobotics2425laptop11/interbotix_ws/install/interbotix_moveit_interface_msgs/lib:/home/mscrobotics2425laptop11/interbotix_ws/install/dynamixel_workbench_toolbox/lib:/home/mscrobotics2425laptop11/apriltag_ws/install/apriltag_ros/lib:/usr/lib/x86_64-linux-gnu/gazebo-11/plugins:/opt/ros/humble/opt/rviz_ogre_vendor/lib:/opt/ros/humble/lib/x86_64-linux-gnu:/opt/ros/humble/lib'), ('HOME', '/home/mscrobotics2425laptop11'), ('CONDA_SHLVL', '1'), ('OLDPWD', '/home/mscrobotics2425laptop11/rPPG_ROS/ws_dis/src'), ('DESKTOP_SESSION', 'ubuntu'), ('ROS_PYTHON_VERSION', '3'), ('GNOME_SHELL_SESSION_MODE', 'ubuntu'), ('GTK_MODULES', 'gail:atk-bridge'), ('ROS_IP', '10.206.226.17'), ('SYSTEMD_EXEC_PID', '2512'), ('DBUS_SESSION_BUS_ADDRESS', 'unix:path=/run/user/1001/bus'), ('COLORTERM', 'truecolor'), ('IM_CONFIG_PHASE', '1'), ('WAYLAND_DISPLAY', 'wayland-0'), ('COLCON_PREFIX_PATH', '/home/mscrobotics2425laptop11/interbotix_ws/install:/home/mscrobotics2425laptop11/apriltag_ws/install'), ('ROS_DISTRO', 'humble'), ('LOGNAME', 'mscrobotics2425laptop11'), ('_', '/usr/bin/colcon'), ('ROS_VERSION', '2'), ('XDG_SESSION_CLASS', 'user'), ('USERNAME', 'mscrobotics2425laptop11'), ('TERM', 'xterm-256color'), ('GNOME_DESKTOP_SESSION_ID', 'this-is-deprecated'), ('ROS_LOCALHOST_ONLY', '0'), ('PATH', '/home/mscrobotics2425laptop11/miniconda3/bin:/home/mscrobotics2425laptop11/miniconda3/condabin:/opt/ros/humble/bin:/usr/local/sbin:/usr/local/bin:/usr/sbin:/usr/bin:/sbin:/bin:/usr/games:/usr/local/games:/snap/bin:/snap/bin:/home/mscrobotics2425laptop11/.local/bin'), ('SESSION_MANAGER', 'local/e-10lux4295w2h:@/tmp/.ICE-unix/2480,unix/e-10lux4295w2h:/tmp/.ICE-unix/2480'), ('XDG_MENU_PREFIX', 'gnome-'), ('GNOME_TERMINAL_SCREEN', '/org/gnome/Terminal/screen/e44de400_723e_49af_a3e2_8f63d6e0eab7'), ('GNOME_SETUP_DISPLAY', ':1'), ('XDG_RUNTIME_DIR', '/run/user/1001'), ('DISPLAY', ':0'), ('LANG', 'en_GB.UTF-8'), ('XDG_CURRENT_DESKTOP', 'ubuntu:GNOME'), ('XMODIFIERS', '@im=ibus'), ('XDG_SESSION_DESKTOP', 'ubuntu'), ('XAUTHORITY', '/run/user/1001/.mutter-Xwaylandauth.J0L592'), ('LS_COLORS', 'rs=0:di=01;34:ln=01;36:mh=00:pi=40;33:so=01;35:do=01;35:bd=40;33;01:cd=40;33;01:or=40;31;01:mi=00:su=37;41:sg=30;43:ca=30;41:tw=30;42:ow=34;42:st=37;44:ex=01;32:*.tar=01;31:*.tgz=01;31:*.arc=01;31:*.arj=01;31:*.taz=01;31:*.lha=01;31:*.lz4=01;31:*.lzh=01;31:*.lzma=01;31:*.tlz=01;31:*.txz=01;31:*.tzo=01;31:*.t7z=01;31:*.zip=01;31:*.z=01;31:*.dz=01;31:*.gz=01;31:*.lrz=01;31:*.lz=01;31:*.lzo=01;31:*.xz=01;31:*.zst=01;31:*.tzst=01;31:*.bz2=01;31:*.bz=01;31:*.tbz=01;31:*.tbz2=01;31:*.tz=01;31:*.deb=01;31:*.rpm=01;31:*.jar=01;31:*.war=01;31:*.ear=01;31:*.sar=01;31:*.rar=01;31:*.alz=01;31:*.ace=01;31:*.zoo=01;31:*.cpio=01;31:*.7z=01;31:*.rz=01;31:*.cab=01;31:*.wim=01;31:*.swm=01;31:*.dwm=01;31:*.esd=01;31:*.jpg=01;35:*.jpeg=01;35:*.mjpg=01;35:*.mjpeg=01;35:*.gif=01;35:*.bmp=01;35:*.pbm=01;35:*.pgm=01;35:*.ppm=01;35:*.tga=01;35:*.xbm=01;35:*.xpm=01;35:*.tif=01;35:*.tiff=01;35:*.png=01;35:*.svg=01;35:*.svgz=01;35:*.mng=01;35:*.pcx=01;35:*.mov=01;35:*.mpg=01;35:*.mpeg=01;35:*.m2v=01;35:*.mkv=01;35:*.webm=01;35:*.webp=01;35:*.ogm=01;35:*.mp4=01;35:*.m4v=01;35:*.mp4v=01;35:*.vob=01;35:*.qt=01;35:*.nuv=01;35:*.wmv=01;35:*.asf=01;35:*.rm=01;35:*.rmvb=01;35:*.flc=01;35:*.avi=01;35:*.fli=01;35:*.flv=01;35:*.gl=01;35:*.dl=01;35:*.xcf=01;35:*.xwd=01;35:*.yuv=01;35:*.cgm=01;35:*.emf=01;35:*.ogv=01;35:*.ogx=01;35:*.aac=00;36:*.au=00;36:*.flac=00;36:*.m4a=00;36:*.mid=00;36:*.midi=00;36:*.mka=00;36:*.mp3=00;36:*.mpc=00;36:*.ogg=00;36:*.ra=00;36:*.wav=00;36:*.oga=00;36:*.opus=00;36:*.spx=00;36:*.xspf=00;36:'), ('GNOME_TERMINAL_SERVICE', ':1.252'), ('SSH_AGENT_LAUNCHER', 'gnome-keyring'), ('SSH_AUTH_SOCK', '/run/user/1001/keyring/ssh'), ('AMENT_PREFIX_PATH', '/home/mscrobotics2425laptop11/interbotix_ws/install/interbotix_ros_xsarms_examples:/home/mscrobotics2425laptop11/interbotix_ws/install/interbotix_xsarm_moveit_interface:/home/mscrobotics2425laptop11/interbotix_ws/install/interbotix_moveit_interface:/home/mscrobotics2425laptop11/interbotix_ws/install/moveit_visual_tools:/home/mscrobotics2425laptop11/interbotix_ws/install/manip_control:/home/mscrobotics2425laptop11/interbotix_ws/install/interbotix_ros_xsarms:/home/mscrobotics2425laptop11/interbotix_ws/install/interbotix_xsarm_moveit:/home/mscrobotics2425laptop11/interbotix_ws/install/interbotix_xsarm_sim:/home/mscrobotics2425laptop11/interbotix_ws/install/interbotix_xsarm_ros_control:/home/mscrobotics2425laptop11/interbotix_ws/install/interbotix_xsarm_puppet:/home/mscrobotics2425laptop11/interbotix_ws/install/interbotix_xsarm_perception:/home/mscrobotics2425laptop11/interbotix_ws/install/interbotix_xsarm_joy:/home/mscrobotics2425laptop11/interbotix_ws/install/interbotix_xsarm_gravity_compensation:/home/mscrobotics2425laptop11/interbotix_ws/install/interbotix_xsarm_dual:/home/mscrobotics2425laptop11/interbotix_ws/install/interbotix_xsarm_control:/home/mscrobotics2425laptop11/interbotix_ws/install/interbotix_xsarm_descriptions:/home/mscrobotics2425laptop11/interbotix_ws/install/interbotix_xs_toolbox:/home/mscrobotics2425laptop11/interbotix_ws/install/interbotix_xs_rviz:/home/mscrobotics2425laptop11/interbotix_ws/install/interbotix_xs_modules:/home/mscrobotics2425laptop11/interbotix_ws/install/interbotix_ros_xseries:/home/mscrobotics2425laptop11/interbotix_ws/install/interbotix_xs_sdk:/home/mscrobotics2425laptop11/interbotix_ws/install/interbotix_xs_ros_control:/home/mscrobotics2425laptop11/interbotix_ws/install/interbotix_perception_toolbox:/home/mscrobotics2425laptop11/interbotix_ws/install/interbotix_perception_modules:/home/mscrobotics2425laptop11/interbotix_ws/install/interbotix_common_toolbox:/home/mscrobotics2425laptop11/interbotix_ws/install/interbotix_gravity_compensation:/home/mscrobotics2425laptop11/interbotix_ws/install/interbotix_xs_msgs:/home/mscrobotics2425laptop11/interbotix_ws/install/interbotix_xs_driver:/home/mscrobotics2425laptop11/interbotix_ws/install/interbotix_tf_tools:/home/mscrobotics2425laptop11/interbotix_ws/install/interbotix_perception_pipelines:/home/mscrobotics2425laptop11/interbotix_ws/install/interbotix_perception_msgs:/home/mscrobotics2425laptop11/interbotix_ws/install/interbotix_moveit_interface_msgs:/home/mscrobotics2425laptop11/interbotix_ws/install/interbotix_common_sim:/home/mscrobotics2425laptop11/interbotix_ws/install/interbotix_common_modules:/home/mscrobotics2425laptop11/interbotix_ws/install/dynamixel_workbench_toolbox:/home/mscrobotics2425laptop11/apriltag_ws/install/apriltag_ros:/opt/ros/humble'), ('CONDA_PYTHON_EXE', '/home/mscrobotics2425laptop11/miniconda3/bin/python'), ('SHELL', '/bin/bash'), ('QT_ACCESSIBILITY', '1'), ('GDMSESSION', 'ubuntu'), ('LESSCLOSE', '/usr/bin/lesspipe %s %s'), ('CONDA_DEFAULT_ENV', 'base'), ('QT_IM_MODULE', 'ibus'), ('PWD', '/home/mscrobotics2425laptop11/rPPG_ROS/ws_dis/build/rppg_interfaces'), ('XDG_CONFIG_DIRS', '/etc/xdg/xdg-ubuntu:/etc/xdg'), ('CONDA_EXE', '/home/mscrobotics2425laptop11/miniconda3/bin/conda'), ('XDG_DATA_DIRS', '/usr/share/ubuntu:/usr/local/share/:/usr/share/:/var/lib/snapd/desktop'), ('PYTHONPATH', '/home/mscrobotics2425laptop11/interbotix_ws/install/manip_control/lib/python3.10/site-packages:/home/mscrobotics2425laptop11/interbotix_ws/install/interbotix_xs_modules/lib/python3.10/site-packages:/home/mscrobotics2425laptop11/interbotix_ws/install/interbotix_perception_modules/lib/python3.10/site-packages:/home/mscrobotics2425laptop11/interbotix_ws/install/interbotix_xs_msgs/local/lib/python3.10/dist-packages:/home/mscrobotics2425laptop11/interbotix_ws/install/interbotix_perception_msgs/local/lib/python3.10/dist-packages:/home/mscrobotics2425laptop11/interbotix_ws/install/interbotix_moveit_interface_msgs/local/lib/python3.10/dist-packages:/home/mscrobotics2425laptop11/interbotix_ws/install/interbotix_common_modules/lib/python3.10/site-packages:/home/mscrobotics2425laptop11/apriltag_ws/install/apriltag_ros/local/lib/python3.10/dist-packages:/opt/ros/humble/lib/python3.10/site-packages:/opt/ros/humble/local/lib/python3.10/dist-packages'), ('CONDA_PREFIX', '/home/mscrobotics2425laptop11/miniconda3'), ('COLCON', '1'), ('VTE_VERSION', '6800'), ('CMAKE_PREFIX_PATH', '/home/mscrobotics2425laptop11/interbotix_ws/install/interbotix_ros_xsarms_examples:/home/mscrobotics2425laptop11/interbotix_ws/install/interbotix_xsarm_moveit_interface:/home/mscrobotics2425laptop11/interbotix_ws/install/interbotix_moveit_interface:/home/mscrobotics2425laptop11/interbotix_ws/install/moveit_visual_tools:/home/mscrobotics2425laptop11/interbotix_ws/install/interbotix_ros_xsarms:/home/mscrobotics2425laptop11/interbotix_ws/install/interbotix_xsarm_moveit:/home/mscrobotics2425laptop11/interbotix_ws/install/interbotix_xsarm_sim:/home/mscrobotics2425laptop11/interbotix_ws/install/interbotix_xsarm_ros_control:/home/mscrobotics2425laptop11/interbotix_ws/install/interbotix_xsarm_puppet:/home/mscrobotics2425laptop11/interbotix_ws/install/interbotix_xsarm_perception:/home/mscrobotics2425laptop11/interbotix_ws/install/interbotix_xsarm_joy:/home/mscrobotics2425laptop11/interbotix_ws/install/interbotix_xsarm_gravity_compensation:/home/mscrobotics2425laptop11/interbotix_ws/install/interbotix_xsarm_dual:/home/mscrobotics2425laptop11/interbotix_ws/install/interbotix_xsarm_control:/home/mscrobotics2425laptop11/interbotix_ws/install/interbotix_xsarm_descriptions:/home/mscrobotics2425laptop11/interbotix_ws/install/interbotix_xs_toolbox:/home/mscrobotics2425laptop11/interbotix_ws/install/interbotix_xs_rviz:/home/mscrobotics2425laptop11/interbotix_ws/install/interbotix_ros_xseries:/home/mscrobotics2425laptop11/interbotix_ws/install/interbotix_xs_sdk:/home/mscrobotics2425laptop11/interbotix_ws/install/interbotix_xs_ros_control:/home/mscrobotics2425laptop11/interbotix_ws/install/interbotix_perception_toolbox:/home/mscrobotics2425laptop11/interbotix_ws/install/interbotix_common_toolbox:/home/mscrobotics2425laptop11/interbotix_ws/install/interbotix_gravity_compensation:/home/mscrobotics2425laptop11/interbotix_ws/install/interbotix_xs_msgs:/home/mscrobotics2425laptop11/interbotix_ws/install/interbotix_xs_driver:/home/mscrobotics2425laptop11/interbotix_ws/install/interbotix_tf_tools:/home/mscrobotics2425laptop11/interbotix_ws/install/interbotix_perception_pipelines:/home/mscrobotics2425laptop11/interbotix_ws/install/interbotix_perception_msgs:/home/mscrobotics2425laptop11/interbotix_ws/install/interbotix_moveit_interface_msgs:/home/mscrobotics2425laptop11/interbotix_ws/install/interbotix_common_sim:/home/mscrobotics2425laptop11/interbotix_ws/install/dynamixel_workbench_toolbox:/home/mscrobotics2425laptop11/apriltag_ws/install/apriltag_ros:/home/mscrobotics2425laptop11/interbotix_ws/install/manip_control:/home/mscrobotics2425laptop11/interbotix_ws/install/interbotix_xs_modules:/home/mscrobotics2425laptop11/interbotix_ws/install/interbotix_perception_modules:/home/mscrobotics2425laptop11/interbotix_ws/install/interbotix_common_modules:/opt/ros/humble')]), 'shell': False}
[0.060194] (rppg_interfaces) StdoutLine: {'line': b'-- Found ament_cmake: 1.3.11 (/opt/ros/humble/share/ament_cmake/cmake)\n'}
[0.098719] (-) TimerEvent: {}
[0.199279] (-) TimerEvent: {}
[0.230726] (rppg_interfaces) StdoutLine: {'line': b'-- Found sensor_msgs: 4.2.4 (/opt/ros/humble/share/sensor_msgs/cmake)\n'}
[0.262320] (rppg_interfaces) StdoutLine: {'line': b'-- Found rosidl_generator_c: 3.1.6 (/opt/ros/humble/share/rosidl_generator_c/cmake)\n'}
[0.265293] (rppg_interfaces) StdoutLine: {'line': b'-- Found rosidl_adapter: 3.1.6 (/opt/ros/humble/share/rosidl_adapter/cmake)\n'}
[0.270852] (rppg_interfaces) StdoutLine: {'line': b'-- Found rosidl_generator_cpp: 3.1.6 (/opt/ros/humble/share/rosidl_generator_cpp/cmake)\n'}
[0.280083] (rppg_interfaces) StdoutLine: {'line': b'-- Using all available rosidl_typesupport_c: rosidl_typesupport_fastrtps_c;rosidl_typesupport_introspection_c\n'}
[0.294125] (rppg_interfaces) StdoutLine: {'line': b'-- Using all available rosidl_typesupport_cpp: rosidl_typesupport_fastrtps_cpp;rosidl_typesupport_introspection_cpp\n'}
[0.299569] (-) TimerEvent: {}
[0.359739] (rppg_interfaces) StdoutLine: {'line': b'-- Found rosidl_default_generators: 1.2.0 (/opt/ros/humble/share/rosidl_default_generators/cmake)\n'}
[0.399817] (-) TimerEvent: {}
[0.500345] (-) TimerEvent: {}
[0.520235] (rppg_interfaces) StderrLine: {'line': b'\x1b[31mCMake Error at /opt/ros/humble/share/rosidl_adapter/cmake/rosidl_adapt_interfaces.cmake:59 (message):\n'}
[0.520715] (rppg_interfaces) StderrLine: {'line': b'  execute_process(/home/mscrobotics2425laptop11/miniconda3/bin/python3 -m\n'}
[0.520891] (rppg_interfaces) StderrLine: {'line': b'  rosidl_adapter --package-name rppg_interfaces --arguments-file\n'}
[0.521121] (rppg_interfaces) StderrLine: {'line': b'  /home/mscrobotics2425laptop11/rPPG_ROS/ws_dis/build/rppg_interfaces/rosidl_adapter__arguments__rppg_interfaces.json\n'}
[0.521325] (rppg_interfaces) StderrLine: {'line': b'  --output-dir\n'}
[0.521599] (rppg_interfaces) StderrLine: {'line': b'  /home/mscrobotics2425laptop11/rPPG_ROS/ws_dis/build/rppg_interfaces/rosidl_adapter/rppg_interfaces\n'}
[0.521855] (rppg_interfaces) StderrLine: {'line': b'  --output-file\n'}
[0.522043] (rppg_interfaces) StderrLine: {'line': b'  /home/mscrobotics2425laptop11/rPPG_ROS/ws_dis/build/rppg_interfaces/rosidl_adapter/rppg_interfaces.idls)\n'}
[0.522228] (rppg_interfaces) StderrLine: {'line': b'  returned error code 1:\n'}
[0.522446] (rppg_interfaces) StderrLine: {'line': b'\n'}
[0.522700] (rppg_interfaces) StderrLine: {'line': b"  AttributeError processing template 'msg.idl.em'\n"}
[0.522850] (rppg_interfaces) StderrLine: {'line': b'\n'}
[0.522976] (rppg_interfaces) StderrLine: {'line': b'  Traceback (most recent call last):\n'}
[0.523109] (rppg_interfaces) StderrLine: {'line': b'\n'}
[0.523243] (rppg_interfaces) StderrLine: {'line': b'    File "/opt/ros/humble/local/lib/python3.10/dist-packages/rosidl_adapter/resource/__init__.py", line 51, in evaluate_template\n'}
[0.523381] (rppg_interfaces) StderrLine: {'line': b'      em.BUFFERED_OPT: True,\n'}
[0.523525] (rppg_interfaces) StderrLine: {'line': b'      ^^^^^^^^^^^^^^^\n'}
[0.523715] (rppg_interfaces) StderrLine: {'line': b'\n'}
[0.523867] (rppg_interfaces) StderrLine: {'line': b"  AttributeError: module 'em' has no attribute 'BUFFERED_OPT'\n"}
[0.524015] (rppg_interfaces) StderrLine: {'line': b'\n'}
[0.524180] (rppg_interfaces) StderrLine: {'line': b'  \n'}
[0.524308] (rppg_interfaces) StderrLine: {'line': b'\n'}
[0.524443] (rppg_interfaces) StderrLine: {'line': b'  During handling of the above exception, another exception occurred:\n'}
[0.524584] (rppg_interfaces) StderrLine: {'line': b'\n'}
[0.524787] (rppg_interfaces) StderrLine: {'line': b'  \n'}
[0.524934] (rppg_interfaces) StderrLine: {'line': b'\n'}
[0.525060] (rppg_interfaces) StderrLine: {'line': b'  Traceback (most recent call last):\n'}
[0.525201] (rppg_interfaces) StderrLine: {'line': b'\n'}
[0.525326] (rppg_interfaces) StderrLine: {'line': b'    File "<frozen runpy>", line 198, in _run_module_as_main\n'}
[0.525452] (rppg_interfaces) StderrLine: {'line': b'    File "<frozen runpy>", line 88, in _run_code\n'}
[0.525585] (rppg_interfaces) StderrLine: {'line': b'    File "/opt/ros/humble/local/lib/python3.10/dist-packages/rosidl_adapter/__main__.py", line 19, in <module>\n'}
[0.525781] (rppg_interfaces) StderrLine: {'line': b'      sys.exit(main())\n'}
[0.525917] (rppg_interfaces) StderrLine: {'line': b'               ~~~~^^\n'}
[0.526045] (rppg_interfaces) StderrLine: {'line': b'    File "/opt/ros/humble/local/lib/python3.10/dist-packages/rosidl_adapter/main.py", line 53, in main\n'}
[0.526217] (rppg_interfaces) StderrLine: {'line': b'      abs_idl_file = convert_to_idl(\n'}
[0.526522] (rppg_interfaces) StderrLine: {'line': b'          pathlib.Path(basepath), args.package_name,\n'}
[0.526714] (rppg_interfaces) StderrLine: {'line': b'          pathlib.Path(relative_path), output_dir)\n'}
[0.526808] (rppg_interfaces) StderrLine: {'line': b'    File "/opt/ros/humble/local/lib/python3.10/dist-packages/rosidl_adapter/__init__.py", line 19, in convert_to_idl\n'}
[0.526877] (rppg_interfaces) StderrLine: {'line': b'      return convert_msg_to_idl(\n'}
[0.526942] (rppg_interfaces) StderrLine: {'line': b"          package_dir, package_name, interface_file, output_dir / 'msg')\n"}
[0.527004] (rppg_interfaces) StderrLine: {'line': b'    File "/opt/ros/humble/local/lib/python3.10/dist-packages/rosidl_adapter/msg/__init__.py", line 39, in convert_msg_to_idl\n'}
[0.527067] (rppg_interfaces) StderrLine: {'line': b"      expand_template('msg.idl.em', data, output_file, encoding='iso-8859-1')\n"}
[0.527131] (rppg_interfaces) StderrLine: {'line': b'      ~~~~~~~~~~~~~~~^^^^^^^^^^^^^^^^^^^^^^^^^^^^^^^^^^^^^^^^^^^^^^^^^^^^^^^^\n'}
[0.527197] (rppg_interfaces) StderrLine: {'line': b'    File "/opt/ros/humble/local/lib/python3.10/dist-packages/rosidl_adapter/resource/__init__.py", line 23, in expand_template\n'}
[0.527262] (rppg_interfaces) StderrLine: {'line': b'      content = evaluate_template(template_name, data)\n'}
[0.527347] (rppg_interfaces) StderrLine: {'line': b'    File "/opt/ros/humble/local/lib/python3.10/dist-packages/rosidl_adapter/resource/__init__.py", line 69, in evaluate_template\n'}
[0.527413] (rppg_interfaces) StderrLine: {'line': b'      _interpreter.shutdown()\n'}
[0.527481] (rppg_interfaces) StderrLine: {'line': b'      ^^^^^^^^^^^^^^^^^^^^^\n'}
[0.527560] (rppg_interfaces) StderrLine: {'line': b'\n'}
[0.527646] (rppg_interfaces) StderrLine: {'line': b"  AttributeError: 'NoneType' object has no attribute 'shutdown'\n"}
[0.527714] (rppg_interfaces) StderrLine: {'line': b'\n'}
[0.527776] (rppg_interfaces) StderrLine: {'line': b'Call Stack (most recent call first):\n'}
[0.527840] (rppg_interfaces) StderrLine: {'line': b'  /opt/ros/humble/share/rosidl_cmake/cmake/rosidl_generate_interfaces.cmake:130 (rosidl_adapt_interfaces)\n'}
[0.527906] (rppg_interfaces) StderrLine: {'line': b'  CMakeLists.txt:22 (rosidl_generate_interfaces)\n'}
[0.527968] (rppg_interfaces) StderrLine: {'line': b'\n'}
[0.528030] (rppg_interfaces) StderrLine: {'line': b'\x1b[0m\n'}
[0.528092] (rppg_interfaces) StdoutLine: {'line': b'-- Configuring incomplete, errors occurred!\n'}
[0.528171] (rppg_interfaces) StdoutLine: {'line': b'See also "/home/mscrobotics2425laptop11/rPPG_ROS/ws_dis/build/rppg_interfaces/CMakeFiles/CMakeOutput.log".\n'}
[0.533646] (rppg_interfaces) CommandEnded: {'returncode': 1}
[0.570509] (rppg_interfaces) JobEnded: {'identifier': 'rppg_interfaces', 'rc': 1}
[0.600460] (-) TimerEvent: {}
[0.700775] (-) TimerEvent: {}
[0.716080] (rppg_node) JobEnded: {'identifier': 'rppg_node', 'rc': 'SIGINT'}
[0.726829] (-) EventReactorShutdown: {}
