[0.017s] Invoking command in '/home/mscrobotics2425laptop11/rPPG_ROS/ws_dis/build/rppg_interfaces': CONDA_PROMPT_MODIFIER=(base) PS1=(base) \[\e]0;\u@\h: \w\a\]${debian_chroot:+($debian_chroot)}\[\033[01;32m\]\u@\h\[\033[00m\]:\[\033[01;34m\]\w\[\033[00m\]\$ /usr/bin/cmake /home/mscrobotics2425laptop11/rPPG_ROS/ws_dis/src/rppg_interfaces -DCATKIN_INSTALL_INTO_PREFIX_ROOT=0 -DCMAKE_INSTALL_PREFIX=/home/mscrobotics2425laptop11/rPPG_ROS/ws_dis/install/rppg_interfaces
[0.032s] -- Found ament_cmake: 1.3.11 (/opt/ros/humble/share/ament_cmake/cmake)
[0.162s] -- Found rosidl_default_generators: 1.2.0 (/opt/ros/humble/share/rosidl_default_generators/cmake)
[0.176s] -- Using all available rosidl_typesupport_c: rosidl_typesupport_fastrtps_c;rosidl_typesupport_introspection_c
[0.181s] -- Found rosidl_adapter: 3.1.6 (/opt/ros/humble/share/rosidl_adapter/cmake)
[0.209s] -- Using all available rosidl_typesupport_cpp: rosidl_typesupport_fastrtps_cpp;rosidl_typesupport_introspection_cpp
[0.233s] -- Found sensor_msgs: 4.2.4 (/opt/ros/humble/share/sensor_msgs/cmake)
[0.385s] [31mCMake Error at /opt/ros/humble/share/rosidl_adapter/cmake/rosidl_adapt_interfaces.cmake:59 (message):
[0.388s]   execute_process(/home/mscrobotics2425laptop11/miniconda3/bin/python3 -m
[0.389s]   rosidl_adapter --package-name rppg_interfaces --arguments-file
[0.389s]   /home/mscrobotics2425laptop11/rPPG_ROS/ws_dis/build/rppg_interfaces/rosidl_adapter__arguments__rppg_interfaces.json
[0.389s]   --output-dir
[0.389s]   /home/mscrobotics2425laptop11/rPPG_ROS/ws_dis/build/rppg_interfaces/rosidl_adapter/rppg_interfaces
[0.389s]   --output-file
[0.389s]   /home/mscrobotics2425laptop11/rPPG_ROS/ws_dis/build/rppg_interfaces/rosidl_adapter/rppg_interfaces.idls)
[0.390s]   returned error code 1:
[0.390s] 
[0.390s]   AttributeError processing template 'msg.idl.em'
[0.390s] 
[0.390s]   Traceback (most recent call last):
[0.390s] 
[0.390s]     File "/opt/ros/humble/local/lib/python3.10/dist-packages/rosidl_adapter/resource/__init__.py", line 51, in evaluate_template
[0.391s]       em.BUFFERED_OPT: True,
[0.391s]       ^^^^^^^^^^^^^^^
[0.391s] 
[0.391s]   AttributeError: module 'em' has no attribute 'BUFFERED_OPT'
[0.391s] 
[0.391s]   
[0.392s] 
[0.392s]   During handling of the above exception, another exception occurred:
[0.392s] 
[0.392s]   
[0.392s] 
[0.392s]   Traceback (most recent call last):
[0.392s] 
[0.393s]     File "<frozen runpy>", line 198, in _run_module_as_main
[0.393s]     File "<frozen runpy>", line 88, in _run_code
[0.393s]     File "/opt/ros/humble/local/lib/python3.10/dist-packages/rosidl_adapter/__main__.py", line 19, in <module>
[0.393s]       sys.exit(main())
[0.393s]                ~~~~^^
[0.393s]     File "/opt/ros/humble/local/lib/python3.10/dist-packages/rosidl_adapter/main.py", line 53, in main
[0.393s]       abs_idl_file = convert_to_idl(
[0.394s]           pathlib.Path(basepath), args.package_name,
[0.394s]           pathlib.Path(relative_path), output_dir)
[0.394s]     File "/opt/ros/humble/local/lib/python3.10/dist-packages/rosidl_adapter/__init__.py", line 19, in convert_to_idl
[0.394s]       return convert_msg_to_idl(
[0.394s]           package_dir, package_name, interface_file, output_dir / 'msg')
[0.394s]     File "/opt/ros/humble/local/lib/python3.10/dist-packages/rosidl_adapter/msg/__init__.py", line 39, in convert_msg_to_idl
[0.395s]       expand_template('msg.idl.em', data, output_file, encoding='iso-8859-1')
[0.395s]       ~~~~~~~~~~~~~~~^^^^^^^^^^^^^^^^^^^^^^^^^^^^^^^^^^^^^^^^^^^^^^^^^^^^^^^^
[0.395s]     File "/opt/ros/humble/local/lib/python3.10/dist-packages/rosidl_adapter/resource/__init__.py", line 23, in expand_template
[0.395s]       content = evaluate_template(template_name, data)
[0.395s]     File "/opt/ros/humble/local/lib/python3.10/dist-packages/rosidl_adapter/resource/__init__.py", line 69, in evaluate_template
[0.395s]       _interpreter.shutdown()
[0.395s]       ^^^^^^^^^^^^^^^^^^^^^
[0.396s] 
[0.396s]   AttributeError: 'NoneType' object has no attribute 'shutdown'
[0.396s] 
[0.396s] Call Stack (most recent call first):
[0.397s]   /opt/ros/humble/share/rosidl_cmake/cmake/rosidl_generate_interfaces.cmake:130 (rosidl_adapt_interfaces)
[0.397s]   CMakeLists.txt:8 (rosidl_generate_interfaces)
[0.397s] 
[0.398s] [0m
[0.398s] -- Configuring incomplete, errors occurred!
[0.398s] See also "/home/mscrobotics2425laptop11/rPPG_ROS/ws_dis/build/rppg_interfaces/CMakeFiles/CMakeOutput.log".
[0.398s] Invoked command in '/home/mscrobotics2425laptop11/rPPG_ROS/ws_dis/build/rppg_interfaces' returned '1': CONDA_PROMPT_MODIFIER=(base) PS1=(base) \[\e]0;\u@\h: \w\a\]${debian_chroot:+($debian_chroot)}\[\033[01;32m\]\u@\h\[\033[00m\]:\[\033[01;34m\]\w\[\033[00m\]\$ /usr/bin/cmake /home/mscrobotics2425laptop11/rPPG_ROS/ws_dis/src/rppg_interfaces -DCATKIN_INSTALL_INTO_PREFIX_ROOT=0 -DCMAKE_INSTALL_PREFIX=/home/mscrobotics2425laptop11/rPPG_ROS/ws_dis/install/rppg_interfaces
