[0.032s] Invoking command in '/home/mscrobotics2425laptop11/rPPG_ROS/ws_dis/build/rppg_interfaces': CMAKE_PREFIX_PATH=${CMAKE_PREFIX_PATH}:/home/mscrobotics2425laptop11/interbotix_ws/install/manip_control:/home/mscrobotics2425laptop11/interbotix_ws/install/interbotix_xs_modules:/home/mscrobotics2425laptop11/interbotix_ws/install/interbotix_perception_modules:/home/mscrobotics2425laptop11/interbotix_ws/install/interbotix_common_modules:/opt/ros/humble CONDA_PROMPT_MODIFIER=(base) /usr/bin/cmake /home/mscrobotics2425laptop11/rPPG_ROS/ws_dis/src/rppg_interfaces -DCMAKE_INSTALL_PREFIX=/home/mscrobotics2425laptop11/rPPG_ROS/ws_dis/install/rppg_interfaces
[0.060s] -- Found ament_cmake: 1.3.11 (/opt/ros/humble/share/ament_cmake/cmake)
[0.231s] -- Found sensor_msgs: 4.2.4 (/opt/ros/humble/share/sensor_msgs/cmake)
[0.262s] -- Found rosidl_generator_c: 3.1.6 (/opt/ros/humble/share/rosidl_generator_c/cmake)
[0.265s] -- Found rosidl_adapter: 3.1.6 (/opt/ros/humble/share/rosidl_adapter/cmake)
[0.271s] -- Found rosidl_generator_cpp: 3.1.6 (/opt/ros/humble/share/rosidl_generator_cpp/cmake)
[0.280s] -- Using all available rosidl_typesupport_c: rosidl_typesupport_fastrtps_c;rosidl_typesupport_introspection_c
[0.294s] -- Using all available rosidl_typesupport_cpp: rosidl_typesupport_fastrtps_cpp;rosidl_typesupport_introspection_cpp
[0.360s] -- Found rosidl_default_generators: 1.2.0 (/opt/ros/humble/share/rosidl_default_generators/cmake)
[0.520s] [31mCMake Error at /opt/ros/humble/share/rosidl_adapter/cmake/rosidl_adapt_interfaces.cmake:59 (message):
[0.521s]   execute_process(/home/mscrobotics2425laptop11/miniconda3/bin/python3 -m
[0.521s]   rosidl_adapter --package-name rppg_interfaces --arguments-file
[0.521s]   /home/mscrobotics2425laptop11/rPPG_ROS/ws_dis/build/rppg_interfaces/rosidl_adapter__arguments__rppg_interfaces.json
[0.521s]   --output-dir
[0.522s]   /home/mscrobotics2425laptop11/rPPG_ROS/ws_dis/build/rppg_interfaces/rosidl_adapter/rppg_interfaces
[0.522s]   --output-file
[0.522s]   /home/mscrobotics2425laptop11/rPPG_ROS/ws_dis/build/rppg_interfaces/rosidl_adapter/rppg_interfaces.idls)
[0.522s]   returned error code 1:
[0.522s] 
[0.523s]   AttributeError processing template 'msg.idl.em'
[0.523s] 
[0.523s]   Traceback (most recent call last):
[0.523s] 
[0.523s]     File "/opt/ros/humble/local/lib/python3.10/dist-packages/rosidl_adapter/resource/__init__.py", line 51, in evaluate_template
[0.523s]       em.BUFFERED_OPT: True,
[0.523s]       ^^^^^^^^^^^^^^^
[0.524s] 
[0.524s]   AttributeError: module 'em' has no attribute 'BUFFERED_OPT'
[0.524s] 
[0.524s]   
[0.524s] 
[0.524s]   During handling of the above exception, another exception occurred:
[0.524s] 
[0.525s]   
[0.525s] 
[0.525s]   Traceback (most recent call last):
[0.525s] 
[0.525s]     File "<frozen runpy>", line 198, in _run_module_as_main
[0.525s]     File "<frozen runpy>", line 88, in _run_code
[0.525s]     File "/opt/ros/humble/local/lib/python3.10/dist-packages/rosidl_adapter/__main__.py", line 19, in <module>
[0.526s]       sys.exit(main())
[0.526s]                ~~~~^^
[0.526s]     File "/opt/ros/humble/local/lib/python3.10/dist-packages/rosidl_adapter/main.py", line 53, in main
[0.526s]       abs_idl_file = convert_to_idl(
[0.526s]           pathlib.Path(basepath), args.package_name,
[0.527s]           pathlib.Path(relative_path), output_dir)
[0.527s]     File "/opt/ros/humble/local/lib/python3.10/dist-packages/rosidl_adapter/__init__.py", line 19, in convert_to_idl
[0.527s]       return convert_msg_to_idl(
[0.527s]           package_dir, package_name, interface_file, output_dir / 'msg')
[0.527s]     File "/opt/ros/humble/local/lib/python3.10/dist-packages/rosidl_adapter/msg/__init__.py", line 39, in convert_msg_to_idl
[0.527s]       expand_template('msg.idl.em', data, output_file, encoding='iso-8859-1')
[0.527s]       ~~~~~~~~~~~~~~~^^^^^^^^^^^^^^^^^^^^^^^^^^^^^^^^^^^^^^^^^^^^^^^^^^^^^^^^
[0.527s]     File "/opt/ros/humble/local/lib/python3.10/dist-packages/rosidl_adapter/resource/__init__.py", line 23, in expand_template
[0.527s]       content = evaluate_template(template_name, data)
[0.527s]     File "/opt/ros/humble/local/lib/python3.10/dist-packages/rosidl_adapter/resource/__init__.py", line 69, in evaluate_template
[0.527s]       _interpreter.shutdown()
[0.527s]       ^^^^^^^^^^^^^^^^^^^^^
[0.527s] 
[0.527s]   AttributeError: 'NoneType' object has no attribute 'shutdown'
[0.527s] 
[0.528s] Call Stack (most recent call first):
[0.528s]   /opt/ros/humble/share/rosidl_cmake/cmake/rosidl_generate_interfaces.cmake:130 (rosidl_adapt_interfaces)
[0.528s]   CMakeLists.txt:22 (rosidl_generate_interfaces)
[0.528s] 
[0.528s] [0m
[0.528s] -- Configuring incomplete, errors occurred!
[0.528s] See also "/home/mscrobotics2425laptop11/rPPG_ROS/ws_dis/build/rppg_interfaces/CMakeFiles/CMakeOutput.log".
[0.534s] Invoked command in '/home/mscrobotics2425laptop11/rPPG_ROS/ws_dis/build/rppg_interfaces' returned '1': CMAKE_PREFIX_PATH=${CMAKE_PREFIX_PATH}:/home/mscrobotics2425laptop11/interbotix_ws/install/manip_control:/home/mscrobotics2425laptop11/interbotix_ws/install/interbotix_xs_modules:/home/mscrobotics2425laptop11/interbotix_ws/install/interbotix_perception_modules:/home/mscrobotics2425laptop11/interbotix_ws/install/interbotix_common_modules:/opt/ros/humble CONDA_PROMPT_MODIFIER=(base) /usr/bin/cmake /home/mscrobotics2425laptop11/rPPG_ROS/ws_dis/src/rppg_interfaces -DCMAKE_INSTALL_PREFIX=/home/mscrobotics2425laptop11/rPPG_ROS/ws_dis/install/rppg_interfaces
